2023-06-23 00:28:27.054 [main] INFO  buildingcompany.Main - 
===== Bank Hierarchy Menu =====
2023-06-23 00:28:27.072 [main] INFO  buildingcompany.Main - 1. Create Bank
2023-06-23 00:28:27.072 [main] INFO  buildingcompany.Main - 2. Get Bank Details
2023-06-23 00:28:27.072 [main] INFO  buildingcompany.Main - 3. Update Bank Details
2023-06-23 00:28:27.072 [main] INFO  buildingcompany.Main - 4. Delete Bank
2023-06-23 00:28:27.073 [main] INFO  buildingcompany.Main - 0. Exit
2023-06-23 00:28:32.672 [main] INFO  buildingcompany.Main - Getting all bank details:
2023-06-23 00:28:32.693 [main] INFO  buildingcompany.Main - bankdao.entity.Bank@83298d7
2023-06-23 00:28:32.693 [main] INFO  buildingcompany.Main - bankdao.entity.Bank@42a9e5d1
2023-06-23 00:28:32.694 [main] INFO  buildingcompany.Main - bankdao.entity.Bank@5b080f3a
2023-06-23 00:28:32.694 [main] INFO  buildingcompany.Main - bankdao.entity.Bank@773cbf4f
2023-06-23 00:28:32.694 [main] INFO  buildingcompany.Main - bankdao.entity.Bank@6b54655f
2023-06-23 00:28:32.694 [main] INFO  buildingcompany.Main - bankdao.entity.Bank@665e9289
2023-06-23 00:28:32.694 [main] INFO  buildingcompany.Main - bankdao.entity.Bank@7d3430a7
2023-06-23 00:28:32.694 [main] INFO  buildingcompany.Main - bankdao.entity.Bank@6f603e89
2023-06-23 00:28:32.695 [main] INFO  buildingcompany.Main - bankdao.entity.Bank@2756c0a7
2023-06-23 00:28:32.695 [main] INFO  buildingcompany.Main - bankdao.entity.Bank@350ec41e
2023-06-23 00:28:32.695 [main] INFO  buildingcompany.Main - bankdao.entity.Bank@69637b10
2023-06-23 00:28:32.695 [main] INFO  buildingcompany.Main - 
===== Bank Hierarchy Menu =====
2023-06-23 00:28:32.695 [main] INFO  buildingcompany.Main - 1. Create Bank
2023-06-23 00:28:32.696 [main] INFO  buildingcompany.Main - 2. Get Bank Details
2023-06-23 00:28:32.696 [main] INFO  buildingcompany.Main - 3. Update Bank Details
2023-06-23 00:28:32.696 [main] INFO  buildingcompany.Main - 4. Delete Bank
2023-06-23 00:28:32.696 [main] INFO  buildingcompany.Main - 0. Exit
2023-06-23 00:28:37.441 [main] INFO  buildingcompany.Main - Getting all bank details:
2023-06-23 00:28:37.449 [main] INFO  buildingcompany.Main - bankdao.entity.Bank@165b2f7f
2023-06-23 00:28:37.449 [main] INFO  buildingcompany.Main - bankdao.entity.Bank@5536379e
2023-06-23 00:28:37.449 [main] INFO  buildingcompany.Main - bankdao.entity.Bank@277f7dd3
2023-06-23 00:28:37.451 [main] INFO  buildingcompany.Main - bankdao.entity.Bank@6c8bca63
2023-06-23 00:28:37.451 [main] INFO  buildingcompany.Main - bankdao.entity.Bank@2364305a
2023-06-23 00:28:37.451 [main] INFO  buildingcompany.Main - bankdao.entity.Bank@470a696f
2023-06-23 00:28:37.451 [main] INFO  buildingcompany.Main - bankdao.entity.Bank@1bc715b8
2023-06-23 00:28:37.451 [main] INFO  buildingcompany.Main - bankdao.entity.Bank@292d1c71
2023-06-23 00:28:37.451 [main] INFO  buildingcompany.Main - bankdao.entity.Bank@2b491fee
2023-06-23 00:28:37.451 [main] INFO  buildingcompany.Main - bankdao.entity.Bank@3f1c5af9
2023-06-23 00:28:37.451 [main] INFO  buildingcompany.Main - bankdao.entity.Bank@1c55f277
2023-06-23 00:28:37.451 [main] INFO  buildingcompany.Main - 
===== Bank Hierarchy Menu =====
2023-06-23 00:28:37.451 [main] INFO  buildingcompany.Main - 1. Create Bank
2023-06-23 00:28:37.451 [main] INFO  buildingcompany.Main - 2. Get Bank Details
2023-06-23 00:28:37.452 [main] INFO  buildingcompany.Main - 3. Update Bank Details
2023-06-23 00:28:37.452 [main] INFO  buildingcompany.Main - 4. Delete Bank
2023-06-23 00:28:37.452 [main] INFO  buildingcompany.Main - 0. Exit
